<?xml version="1.0" encoding="UTF-8"?>
<testsuite xmlns:xsi="http://www.w3.org/2001/XMLSchema-instance" xsi:noNamespaceSchemaLocation="https://maven.apache.org/surefire/maven-surefire-plugin/xsd/surefire-test-report-3.0.xsd" version="3.0" name="com.example.demo.DemoApplicationTests" time="4.95" tests="1" errors="0" skipped="0" failures="0">
  <properties>
[...]
</properties>
  <testcase name="contextLoads" classname="com.example.demo.DemoApplicationTests" time="0.895">
    <system-out><![CDATA[12:05:20.159 [main] INFO org.springframework.test.context.support.AnnotationConfigContextLoaderUtils -- Could not detect default configuration classes for test class [com.example.demo.DemoApplicationTests]: DemoApplicationTests does not declare any static, non-private, non-final, nested classes annotated with @Configuration.
12:05:20.262 [main] INFO org.springframework.boot.test.context.SpringBootTestContextBootstrapper -- Found @SpringBootConfiguration com.example.demo.DemoApplication for test class com.example.demo.DemoApplicationTests
12:05:20.425 [main] INFO org.springframework.boot.devtools.restart.RestartApplicationListener -- Restart disabled due to context in which it is running

  .   ____          _            __ _ _
 /\\ / ___'_ __ _ _(_)_ __  __ _ \ \ \ \
( ( )\___ | '_ | '_| | '_ \/ _` | \ \ \ \
 \\/  ___)| |_)| | | | | || (_| |  ) ) ) )
  '  |____| .__|_| |_|_| |_\__, | / / / /
 =========|_|==============|___/=/_/_/_/

 :: Spring Boot ::                (v3.3.4)

2025-11-17T12:05:20.778+05:30  INFO 22160 --- [misc-springboot-demo] [           main] com.example.demo.DemoApplicationTests    : Starting DemoApplicationTests using Java 21.0.9 with PID 22160 (started by stami in C:\My Files\Santosh_files\Misc_Projects\sprint_demo)
2025-11-17T12:05:20.778+05:30  INFO 22160 --- [misc-springboot-demo] [           main] com.example.demo.DemoApplicationTests    : No active profile set, falling back to 1 default profile: "default"
2025-11-17T12:05:21.692+05:30  INFO 22160 --- [misc-springboot-demo] [           main] .s.d.r.c.RepositoryConfigurationDelegate : Bootstrapping Spring Data MongoDB repositories in DEFAULT mode.
2025-11-17T12:05:21.737+05:30  INFO 22160 --- [misc-springboot-demo] [           main] .s.d.r.c.RepositoryConfigurationDelegate : Finished Spring Data repository scanning in 42 ms. Found 2 MongoDB repository interfaces.
2025-11-17T12:05:22.355+05:30  INFO 22160 --- [misc-springboot-demo] [           main] org.mongodb.driver.client                : MongoClient with metadata {"application": {"name": "MiscCluster0"}, "driver": {"name": "mongo-java-driver|sync", "version": "5.0.1"}, "os": {"type": "Windows", "name": "Windows 11", "architecture": "amd64", "version": "10.0"}, "platform": "Java/Oracle Corporation/21.0.9+7-LTS-338"} created with settings MongoClientSettings{readPreference=primary, writeConcern=WriteConcern{w=null, wTimeout=null ms, journal=null}, retryWrites=true, retryReads=true, readConcern=ReadConcern{level=null}, credential=MongoCredential{mechanism=null, userName='santoshtamire04_db_user', source='admin', password=<hidden>, mechanismProperties=<hidden>}, transportSettings=null, commandListeners=[], codecRegistry=ProvidersCodecRegistry{codecProviders=[ValueCodecProvider{}, BsonValueCodecProvider{}, DBRefCodecProvider{}, DBObjectCodecProvider{}, DocumentCodecProvider{}, CollectionCodecProvider{}, IterableCodecProvider{}, MapCodecProvider{}, GeoJsonCodecProvider{}, GridFSFileCodecProvider{}, Jsr310CodecProvider{}, JsonObjectCodecProvider{}, BsonCodecProvider{}, EnumCodecProvider{}, com.mongodb.client.model.mql.ExpressionCodecProvider@43f03c23, com.mongodb.Jep395RecordCodecProvider@7a1b8a46, com.mongodb.KotlinCodecProvider@2921199d]}, loggerSettings=LoggerSettings{maxDocumentLength=1000}, clusterSettings={hosts=[127.0.0.1:27017], srvHost=misccluster0.ftdnsqw.mongodb.net, srvServiceName=mongodb, mode=MULTIPLE, requiredClusterType=REPLICA_SET, requiredReplicaSetName='atlas-11l7g7-shard-0', serverSelector='null', clusterListeners='[]', serverSelectionTimeout='30000 ms', localThreshold='15 ms'}, socketSettings=SocketSettings{connectTimeoutMS=10000, readTimeoutMS=0, receiveBufferSize=0, proxySettings=ProxySettings{host=null, port=null, username=null, password=null}}, heartbeatSocketSettings=SocketSettings{connectTimeoutMS=10000, readTimeoutMS=10000, receiveBufferSize=0, proxySettings=ProxySettings{host=null, port=null, username=null, password=null}}, connectionPoolSettings=ConnectionPoolSettings{maxSize=100, minSize=0, maxWaitTimeMS=120000, maxConnectionLifeTimeMS=0, maxConnectionIdleTimeMS=0, maintenanceInitialDelayMS=0, maintenanceFrequencyMS=60000, connectionPoolListeners=[], maxConnecting=2}, serverSettings=ServerSettings{heartbeatFrequencyMS=10000, minHeartbeatFrequencyMS=500, serverListeners='[]', serverMonitorListeners='[]'}, sslSettings=SslSettings{enabled=true, invalidHostNameAllowed=false, context=null}, applicationName='MiscCluster0', compressorList=[], uuidRepresentation=UNSPECIFIED, serverApi=null, autoEncryptionSettings=null, dnsClient=null, inetAddressResolver=null, contextProvider=null}
2025-11-17T12:05:22.603+05:30  INFO 22160 --- [misc-springboot-demo] [sqw.mongodb.net] org.mongodb.driver.cluster               : Adding discovered server ac-n0fgnsp-shard-00-00.ftdnsqw.mongodb.net:27017 to client view of cluster
2025-11-17T12:05:22.642+05:30  INFO 22160 --- [misc-springboot-demo] [sqw.mongodb.net] org.mongodb.driver.cluster               : Adding discovered server ac-n0fgnsp-shard-00-01.ftdnsqw.mongodb.net:27017 to client view of cluster
2025-11-17T12:05:22.644+05:30  INFO 22160 --- [misc-springboot-demo] [sqw.mongodb.net] org.mongodb.driver.cluster               : Adding discovered server ac-n0fgnsp-shard-00-02.ftdnsqw.mongodb.net:27017 to client view of cluster
2025-11-17T12:05:23.243+05:30  INFO 22160 --- [misc-springboot-demo] [           main] o.s.b.a.w.s.WelcomePageHandlerMapping    : Adding welcome page template: index
2025-11-17T12:05:23.855+05:30  INFO 22160 --- [misc-springboot-demo] [ngodb.net:27017] org.mongodb.driver.cluster               : Monitor thread successfully connected to server with description ServerDescription{address=ac-n0fgnsp-shard-00-00.ftdnsqw.mongodb.net:27017, type=REPLICA_SET_SECONDARY, state=CONNECTED, ok=true, minWireVersion=0, maxWireVersion=25, maxDocumentSize=16777216, logicalSessionTimeoutMinutes=30, roundTripTimeNanos=643496600, setName='atlas-11l7g7-shard-0', canonicalAddress=ac-n0fgnsp-shard-00-00.ftdnsqw.mongodb.net:27017, hosts=[ac-n0fgnsp-shard-00-01.ftdnsqw.mongodb.net:27017, ac-n0fgnsp-shard-00-02.ftdnsqw.mongodb.net:27017, ac-n0fgnsp-shard-00-00.ftdnsqw.mongodb.net:27017], passives=[], arbiters=[], primary='ac-n0fgnsp-shard-00-02.ftdnsqw.mongodb.net:27017', tagSet=TagSet{[Tag{name='availabilityZone', value='aps1-az1'}, Tag{name='diskState', value='READY'}, Tag{name='nodeType', value='ELECTABLE'}, Tag{name='provider', value='AWS'}, Tag{name='region', value='AP_SOUTH_1'}, Tag{name='workloadType', value='OPERATIONAL'}]}, electionId=null, setVersion=58, topologyVersion=TopologyVersion{processId=6915e7cf34564a5ad7461dd3, counter=4}, lastWriteDate=Mon Nov 17 12:05:21 IST 2025, lastUpdateTimeNanos=8067052231900}
2025-11-17T12:05:23.855+05:30  INFO 22160 --- [misc-springboot-demo] [ngodb.net:27017] org.mongodb.driver.cluster               : Monitor thread successfully connected to server with description ServerDescription{address=ac-n0fgnsp-shard-00-01.ftdnsqw.mongodb.net:27017, type=REPLICA_SET_SECONDARY, state=CONNECTED, ok=true, minWireVersion=0, maxWireVersion=25, maxDocumentSize=16777216, logicalSessionTimeoutMinutes=30, roundTripTimeNanos=643528900, setName='atlas-11l7g7-shard-0', canonicalAddress=ac-n0fgnsp-shard-00-01.ftdnsqw.mongodb.net:27017, hosts=[ac-n0fgnsp-shard-00-01.ftdnsqw.mongodb.net:27017, ac-n0fgnsp-shard-00-02.ftdnsqw.mongodb.net:27017, ac-n0fgnsp-shard-00-00.ftdnsqw.mongodb.net:27017], passives=[], arbiters=[], primary='ac-n0fgnsp-shard-00-02.ftdnsqw.mongodb.net:27017', tagSet=TagSet{[Tag{name='availabilityZone', value='aps1-az3'}, Tag{name='diskState', value='READY'}, Tag{name='nodeType', value='ELECTABLE'}, Tag{name='provider', value='AWS'}, Tag{name='region', value='AP_SOUTH_1'}, Tag{name='workloadType', value='OPERATIONAL'}]}, electionId=null, setVersion=58, topologyVersion=TopologyVersion{processId=6915edcf6c4380bcd9d2616c, counter=3}, lastWriteDate=Mon Nov 17 12:05:21 IST 2025, lastUpdateTimeNanos=8067052231900}
2025-11-17T12:05:23.962+05:30  INFO 22160 --- [misc-springboot-demo] [           main] com.example.demo.DemoApplicationTests    : Started DemoApplicationTests in 3.554 seconds (process running for 4.536)
2025-11-17T12:05:24.539+05:30  INFO 22160 --- [misc-springboot-demo] [ngodb.net:27017] org.mongodb.driver.cluster               : Monitor thread successfully connected to server with description ServerDescription{address=ac-n0fgnsp-shard-00-02.ftdnsqw.mongodb.net:27017, type=REPLICA_SET_PRIMARY, state=CONNECTED, ok=true, minWireVersion=0, maxWireVersion=25, maxDocumentSize=16777216, logicalSessionTimeoutMinutes=30, roundTripTimeNanos=410252900, setName='atlas-11l7g7-shard-0', canonicalAddress=ac-n0fgnsp-shard-00-02.ftdnsqw.mongodb.net:27017, hosts=[ac-n0fgnsp-shard-00-01.ftdnsqw.mongodb.net:27017, ac-n0fgnsp-shard-00-02.ftdnsqw.mongodb.net:27017, ac-n0fgnsp-shard-00-00.ftdnsqw.mongodb.net:27017], passives=[], arbiters=[], primary='ac-n0fgnsp-shard-00-02.ftdnsqw.mongodb.net:27017', tagSet=TagSet{[Tag{name='availabilityZone', value='aps1-az2'}, Tag{name='diskState', value='READY'}, Tag{name='nodeType', value='ELECTABLE'}, Tag{name='provider', value='AWS'}, Tag{name='region', value='AP_SOUTH_1'}, Tag{name='workloadType', value='OPERATIONAL'}]}, electionId=7fffffff0000000000000052, setVersion=58, topologyVersion=TopologyVersion{processId=6915eb12b6a80d3a27b71225, counter=6}, lastWriteDate=Mon Nov 17 12:05:22 IST 2025, lastUpdateTimeNanos=8067741620400}
2025-11-17T12:05:24.539+05:30  INFO 22160 --- [misc-springboot-demo] [ngodb.net:27017] org.mongodb.driver.cluster               : Discovered replica set primary ac-n0fgnsp-shard-00-02.ftdnsqw.mongodb.net:27017 with max election id 7fffffff0000000000000052 and max set version 58
]]></system-out>
    <system-err><![CDATA[WARNING: A Java agent has been loaded dynamically (C:\Users\stami\.m2\repository\net\bytebuddy\byte-buddy-agent\1.14.19\byte-buddy-agent-1.14.19.jar)
WARNING: If a serviceability tool is in use, please run with -XX:+EnableDynamicAgentLoading to hide this warning
WARNING: If a serviceability tool is not in use, please run with -Djdk.instrument.traceUsage for more information
WARNING: Dynamic loading of agents will be disallowed by default in a future release
]]></system-err>
  </testcase>
</testsuite>